<?xml version="1.0" encoding="UTF-8"?>
<testsuite name="BowlingGameTest" tests="5" skipped="0" failures="0" errors="0" timestamp="2015-12-21T20:19:58" hostname="Brians-MacBook-Pro.local" time="0.002">
  <properties/>
  <testcase name="testOneStrike" classname="BowlingGameTest" time="0.0"/>
  <testcase name="testAllZeros" classname="BowlingGameTest" time="0.0"/>
  <testcase name="testOneSpare" classname="BowlingGameTest" time="0.0"/>
  <testcase name="testAllOnes" classname="BowlingGameTest" time="0.0"/>
  <testcase name="testPerfectGame" classname="BowlingGameTest" time="0.0"/>
  <system-out><![CDATA[]]></system-out>
  <system-err><![CDATA[]]></system-err>
</testsuite>
